\BOOKMARK [1][-]{section*.1}{\376\377\000K\000u\000r\000z\000f\000a\000s\000s\000u\000n\000g}{}% 1
\BOOKMARK [1][-]{section*.2}{\376\377\000A\000b\000s\000t\000r\000a\000c\000t}{}% 2
\BOOKMARK [1][-]{section*.6}{\376\377\000A\000b\000k\000\374\000r\000z\000u\000n\000g\000s\000v\000e\000r\000z\000e\000i\000c\000h\000n\000i\000s}{}% 3
\BOOKMARK [1][-]{section.1}{\376\377\000E\000i\000n\000l\000e\000i\000t\000u\000n\000g}{}% 4
\BOOKMARK [2][-]{subsection.1.1}{\376\377\000P\000r\000o\000b\000l\000e\000m\000s\000t\000e\000l\000l\000u\000n\000g}{section.1}% 5
\BOOKMARK [2][-]{subsection.1.2}{\376\377\000Z\000i\000e\000l\000s\000e\000t\000z\000u\000n\000g}{section.1}% 6
\BOOKMARK [2][-]{subsection.1.3}{\376\377\000F\000o\000r\000s\000c\000h\000u\000n\000g\000s\000f\000r\000a\000g\000e}{section.1}% 7
\BOOKMARK [2][-]{subsection.1.4}{\376\377\000A\000u\000f\000b\000a\000u\000\040\000d\000e\000r\000\040\000A\000r\000b\000e\000i\000t}{section.1}% 8
\BOOKMARK [1][-]{section.2}{\376\377\000G\000r\000u\000n\000d\000l\000a\000g\000e\000n\000\040\000u\000n\000d\000\040\000K\000o\000n\000t\000e\000x\000t}{}% 9
\BOOKMARK [2][-]{subsection.2.1}{\376\377\000L\000e\000h\000r\000v\000e\000r\000a\000n\000s\000t\000a\000l\000t\000u\000n\000g\000s\000p\000l\000a\000n\000u\000n\000g\000\040\000a\000n\000\040\000e\000i\000n\000e\000m\000\040\000I\000n\000s\000t\000i\000t\000u\000t}{section.2}% 10
\BOOKMARK [2][-]{subsection.2.2}{\376\377\000H\000e\000r\000a\000u\000s\000f\000o\000r\000d\000e\000r\000u\000n\000g\000e\000n\000\040\000m\000a\000n\000u\000e\000l\000l\000e\000r\000\040\000P\000l\000a\000n\000u\000n\000g\000s\000p\000r\000o\000z\000e\000s\000s\000e}{section.2}% 11
\BOOKMARK [2][-]{subsection.2.3}{\376\377\000S\000o\000f\000t\000w\000a\000r\000e\000g\000e\000s\000t\000\374\000t\000z\000t\000e\000\040\000P\000l\000a\000n\000u\000n\000g}{section.2}% 12
\BOOKMARK [2][-]{subsection.2.4}{\376\377\000E\000i\000n\000g\000e\000s\000e\000t\000z\000t\000e\000\040\000T\000e\000c\000h\000n\000o\000l\000o\000g\000i\000e\000n}{section.2}% 13
\BOOKMARK [3][-]{subsubsection.2.4.1}{\376\377\000P\000y\000t\000h\000o\000n}{subsection.2.4}% 14
\BOOKMARK [3][-]{subsubsection.2.4.2}{\376\377\000P\000y\000S\000i\000d\000e\0006\000\040\000u\000n\000d\000\040\000Q\000t}{subsection.2.4}% 15
\BOOKMARK [3][-]{subsubsection.2.4.3}{\376\377\000J\000S\000O\000N\000\040\000a\000l\000s\000\040\000D\000a\000t\000e\000n\000f\000o\000r\000m\000a\000t}{subsection.2.4}% 16
\BOOKMARK [1][-]{section.3}{\376\377\000A\000n\000f\000o\000r\000d\000e\000r\000u\000n\000g\000s\000a\000n\000a\000l\000y\000s\000e}{}% 17
\BOOKMARK [2][-]{subsection.3.1}{\376\377\000A\000b\000l\000e\000i\000t\000u\000n\000g\000\040\000d\000e\000r\000\040\000A\000n\000f\000o\000r\000d\000e\000r\000u\000n\000g\000e\000n}{section.3}% 18
\BOOKMARK [2][-]{subsection.3.2}{\376\377\000F\000u\000n\000k\000t\000i\000o\000n\000a\000l\000e\000\040\000A\000n\000f\000o\000r\000d\000e\000r\000u\000n\000g\000e\000n}{section.3}% 19
\BOOKMARK [2][-]{subsection.3.3}{\376\377\000N\000i\000c\000h\000t\000-\000f\000u\000n\000k\000t\000i\000o\000n\000a\000l\000e\000\040\000A\000n\000f\000o\000r\000d\000e\000r\000u\000n\000g\000e\000n}{section.3}% 20
\BOOKMARK [2][-]{subsection.3.4}{\376\377\000A\000b\000g\000r\000e\000n\000z\000u\000n\000g\000\040\000d\000e\000r\000\040\000S\000o\000f\000t\000w\000a\000r\000e}{section.3}% 21
\BOOKMARK [1][-]{section.4}{\376\377\000K\000o\000n\000z\000e\000p\000t\000i\000o\000n\000\040\000d\000e\000s\000\040\000P\000l\000a\000n\000u\000n\000g\000s\000t\000o\000o\000l\000s}{}% 22
\BOOKMARK [2][-]{subsection.4.1}{\376\377\000G\000e\000s\000a\000m\000t\000a\000r\000c\000h\000i\000t\000e\000k\000t\000u\000r\000\040\000d\000e\000r\000\040\000A\000n\000w\000e\000n\000d\000u\000n\000g}{section.4}% 23
\BOOKMARK [2][-]{subsection.4.2}{\376\377\000A\000u\000f\000b\000a\000u\000\040\000d\000e\000r\000\040\000B\000e\000n\000u\000t\000z\000e\000r\000o\000b\000e\000r\000f\000l\000\344\000c\000h\000e}{section.4}% 24
\BOOKMARK [2][-]{subsection.4.3}{\376\377\000D\000a\000t\000e\000n\000m\000o\000d\000e\000l\000l\000\040\000u\000n\000d\000\040\000D\000a\000t\000e\000n\000b\000e\000z\000i\000e\000h\000u\000n\000g\000e\000n}{section.4}% 25
\BOOKMARK [2][-]{subsection.4.4}{\376\377\000P\000l\000a\000n\000u\000n\000g\000s\000w\000o\000r\000k\000f\000l\000o\000w}{section.4}% 26
\BOOKMARK [2][-]{subsection.4.5}{\376\377\000A\000k\000t\000u\000a\000l\000i\000s\000i\000e\000r\000u\000n\000g\000\040\000u\000n\000d\000\040\000Z\000u\000s\000a\000m\000m\000e\000n\000s\000p\000i\000e\000l\000\040\000d\000e\000r\000\040\000K\000o\000m\000p\000o\000n\000e\000n\000t\000e\000n}{section.4}% 27
\BOOKMARK [1][-]{section.5}{\376\377\000I\000m\000p\000l\000e\000m\000e\000n\000t\000i\000e\000r\000u\000n\000g}{}% 28
\BOOKMARK [2][-]{subsection.5.1}{\376\377\000E\000n\000t\000w\000i\000c\000k\000l\000u\000n\000g\000s\000u\000m\000g\000e\000b\000u\000n\000g\000\040\000u\000n\000d\000\040\000P\000r\000o\000j\000e\000k\000t\000s\000t\000r\000u\000k\000t\000u\000r}{section.5}% 29
\BOOKMARK [2][-]{subsection.5.2}{\376\377\000H\000a\000u\000p\000t\000f\000e\000n\000s\000t\000e\000r\000\040\000u\000n\000d\000\040\000z\000e\000n\000t\000r\000a\000l\000e\000\040\000S\000t\000e\000u\000e\000r\000u\000n\000g}{section.5}% 30
\BOOKMARK [2][-]{subsection.5.3}{\376\377\000K\000a\000l\000e\000n\000d\000e\000r\000a\000n\000s\000i\000c\000h\000t\000e\000n}{section.5}% 31
\BOOKMARK [2][-]{subsection.5.4}{\376\377\000T\000e\000r\000m\000i\000n\000-\000\040\000u\000n\000d\000\040\000S\000t\000a\000m\000m\000d\000a\000t\000e\000n\000v\000e\000r\000w\000a\000l\000t\000u\000n\000g}{section.5}% 32
\BOOKMARK [2][-]{subsection.5.5}{\376\377\000D\000r\000a\000g\000-\000a\000n\000d\000-\000D\000r\000o\000p\000-\000F\000u\000n\000k\000t\000i\000o\000n\000a\000l\000i\000t\000\344\000t}{section.5}% 33
\BOOKMARK [2][-]{subsection.5.6}{\376\377\000F\000i\000l\000t\000e\000r\000f\000u\000n\000k\000t\000i\000o\000n}{section.5}% 34
\BOOKMARK [2][-]{subsection.5.7}{\376\377\000K\000o\000n\000f\000l\000i\000k\000t\000e\000r\000k\000e\000n\000n\000u\000n\000g}{section.5}% 35
\BOOKMARK [2][-]{subsection.5.8}{\376\377\000I\000m\000p\000o\000r\000t\000,\000\040\000E\000x\000p\000o\000r\000t\000\040\000u\000n\000d\000\040\000S\000p\000e\000i\000c\000h\000e\000r\000u\000n\000g}{section.5}% 36
\BOOKMARK [2][-]{subsection.5.9}{\376\377\000S\000e\000m\000e\000s\000t\000e\000r\000-\000W\000e\000r\000k\000z\000e\000u\000g\000e}{section.5}% 37
\BOOKMARK [2][-]{subsection.5.10}{\376\377\000U\000n\000d\000o\000/\000R\000e\000d\000o\000,\000\040\000S\000h\000o\000r\000t\000c\000u\000t\000s\000\040\000u\000n\000d\000\040\000L\000a\000y\000o\000u\000t\000-\000V\000e\000r\000w\000a\000l\000t\000u\000n\000g}{section.5}% 38
\BOOKMARK [1][-]{section.6}{\376\377\000T\000e\000s\000t\000\040\000u\000n\000d\000\040\000E\000v\000a\000l\000u\000a\000t\000i\000o\000n}{}% 39
\BOOKMARK [2][-]{subsection.6.1}{\376\377\000T\000e\000s\000t\000s\000t\000r\000a\000t\000e\000g\000i\000e}{section.6}% 40
\BOOKMARK [2][-]{subsection.6.2}{\376\377\000D\000u\000r\000c\000h\000f\000\374\000h\000r\000u\000n\000g\000\040\000d\000e\000r\000\040\000T\000e\000s\000t\000s}{section.6}% 41
\BOOKMARK [2][-]{subsection.6.3}{\376\377\000B\000e\000w\000e\000r\000t\000u\000n\000g\000\040\000d\000e\000r\000\040\000E\000r\000g\000e\000b\000n\000i\000s\000s\000e}{section.6}% 42
\BOOKMARK [1][-]{section.7}{\376\377\000D\000i\000s\000k\000u\000s\000s\000i\000o\000n}{}% 43
\BOOKMARK [2][-]{subsection.7.1}{\376\377\000Z\000i\000e\000l\000e\000r\000r\000e\000i\000c\000h\000u\000n\000g}{section.7}% 44
\BOOKMARK [2][-]{subsection.7.2}{\376\377\000G\000r\000e\000n\000z\000e\000n\000\040\000d\000e\000r\000\040\000S\000o\000f\000t\000w\000a\000r\000e}{section.7}% 45
\BOOKMARK [2][-]{subsection.7.3}{\376\377\000E\000r\000w\000e\000i\000t\000e\000r\000u\000n\000g\000s\000m\000\366\000g\000l\000i\000c\000h\000k\000e\000i\000t\000e\000n}{section.7}% 46
\BOOKMARK [1][-]{section.8}{\376\377\000F\000a\000z\000i\000t\000\040\000u\000n\000d\000\040\000A\000u\000s\000b\000l\000i\000c\000k}{}% 47
